Arguments: 
  C:\Program Files\nodejs\node.exe C:\Users\zhupp\AppData\Roaming\npm\node_modules\yarn\bin\yarn.js link react-dom

PATH: 
  C:\WINDOWS\system32;C:\WINDOWS;C:\WINDOWS\System32\Wbem;C:\WINDOWS\System32\WindowsPowerShell\v1.0\;C:\WINDOWS\System32\OpenSSH\;C:\Program Files\Git\cmd;C:\Users\zhupp\AppData\Roaming\npm;C:\Program Files\OpenSSL-Win64\bin;C:\Users\zhupp\AppData\Roaming\nvm;C:\Program Files\nodejs;C:\Users\zhupp\AppData\Local\Microsoft\WindowsApps;C:\Users\zhupp\AppData\Local\Programs\Microsoft VS Code\bin;C:\Users\zhupp\AppData\Roaming\nvm;C:\Program Files\nodejs

Yarn version: 
  1.22.4

Node version: 
  12.18.3

Platform: 
  win32 x64

Trace: 
  Error: EBUSY: resource busy or locked, rmdir 'E:\demo\vite01\react-demo1\node_modules\react-dom\cjs'

npm manifest: 
  {
    "name": "react-demo1",
    "version": "0.0.0",
    "scripts": {
      "dev": "vite",
      "build": "tsc && vite build",
      "serve": "vite preview"
    },
    "dependencies": {
      "react": "^17.0.0",
      "react-dom": "^17.0.0"
    },
    "devDependencies": {
      "@types/react": "^17.0.0",
      "@types/react-dom": "^17.0.0",
      "@vitejs/plugin-react-refresh": "^1.3.1",
      "typescript": "^4.3.2",
      "vite": "^2.4.3"
    }
  }

yarn manifest: 
  No manifest

Lockfile: 
  # THIS IS AN AUTOGENERATED FILE. DO NOT EDIT THIS FILE DIRECTLY.
  # yarn lockfile v1
  
  
  "@babel/code-frame@^7.14.5":
    version "7.14.5"
    resolved "http://192.168.20.146:4873/@babel%2fcode-frame/-/code-frame-7.14.5.tgz#23b08d740e83f49c5e59945fbf1b43e80bbf4edb"
    integrity sha1-I7CNdA6D9JxeWZRfvxtD6Au/Tts=
    dependencies:
      "@babel/highlight" "^7.14.5"
  
  "@babel/compat-data@^7.14.5":
    version "7.14.7"
    resolved "http://192.168.20.146:4873/@babel%2fcompat-data/-/compat-data-7.14.7.tgz#7b047d7a3a89a67d2258dc61f604f098f1bc7e08"
    integrity sha1-ewR9ejqJpn0iWNxh9gTwmPG8fgg=
  
  "@babel/core@^7.14.8":
    version "7.14.8"
    resolved "http://192.168.20.146:4873/@babel%2fcore/-/core-7.14.8.tgz#20cdf7c84b5d86d83fac8710a8bc605a7ba3f010"
    integrity sha1-IM33yEtdhtg/rIcQqLxgWnuj8BA=
    dependencies:
      "@babel/code-frame" "^7.14.5"
      "@babel/generator" "^7.14.8"
      "@babel/helper-compilation-targets" "^7.14.5"
      "@babel/helper-module-transforms" "^7.14.8"
      "@babel/helpers" "^7.14.8"
      "@babel/parser" "^7.14.8"
      "@babel/template" "^7.14.5"
      "@babel/traverse" "^7.14.8"
      "@babel/types" "^7.14.8"
      convert-source-map "^1.7.0"
      debug "^4.1.0"
      gensync "^1.0.0-beta.2"
      json5 "^2.1.2"
      semver "^6.3.0"
      source-map "^0.5.0"
  
  "@babel/generator@^7.14.8":
    version "7.14.8"
    resolved "http://192.168.20.146:4873/@babel%2fgenerator/-/generator-7.14.8.tgz#bf86fd6af96cf3b74395a8ca409515f89423e070"
    integrity sha1-v4b9avls87dDlajKQJUV+JQj4HA=
    dependencies:
      "@babel/types" "^7.14.8"
      jsesc "^2.5.1"
      source-map "^0.5.0"
  
  "@babel/helper-compilation-targets@^7.14.5":
    version "7.14.5"
    resolved "http://192.168.20.146:4873/@babel%2fhelper-compilation-targets/-/helper-compilation-targets-7.14.5.tgz#7a99c5d0967911e972fe2c3411f7d5b498498ecf"
    integrity sha1-epnF0JZ5Eely/iw0EffVtJhJjs8=
    dependencies:
      "@babel/compat-data" "^7.14.5"
      "@babel/helper-validator-option" "^7.14.5"
      browserslist "^4.16.6"
      semver "^6.3.0"
  
  "@babel/helper-function-name@^7.14.5":
    version "7.14.5"
    resolved "http://192.168.20.146:4873/@babel%2fhelper-function-name/-/helper-function-name-7.14.5.tgz#89e2c474972f15d8e233b52ee8c480e2cfcd50c4"
    integrity sha1-ieLEdJcvFdjiM7Uu6MSA4s/NUMQ=
    dependencies:
      "@babel/helper-get-function-arity" "^7.14.5"
      "@babel/template" "^7.14.5"
      "@babel/types" "^7.14.5"
  
  "@babel/helper-get-function-arity@^7.14.5":
    version "7.14.5"
    resolved "http://192.168.20.146:4873/@babel%2fhelper-get-function-arity/-/helper-get-function-arity-7.14.5.tgz#25fbfa579b0937eee1f3b805ece4ce398c431815"
    integrity sha1-Jfv6V5sJN+7h87gF7OTOOYxDGBU=
    dependencies:
      "@babel/types" "^7.14.5"
  
  "@babel/helper-hoist-variables@^7.14.5":
    version "7.14.5"
    resolved "http://192.168.20.146:4873/@babel%2fhelper-hoist-variables/-/helper-hoist-variables-7.14.5.tgz#e0dd27c33a78e577d7c8884916a3e7ef1f7c7f8d"
    integrity sha1-4N0nwzp45XfXyIhJFqPn7x98f40=
    dependencies:
      "@babel/types" "^7.14.5"
  
  "@babel/helper-member-expression-to-functions@^7.14.5":
    version "7.14.7"
    resolved "http://192.168.20.146:4873/@babel%2fhelper-member-expression-to-functions/-/helper-member-expression-to-functions-7.14.7.tgz#97e56244beb94211fe277bd818e3a329c66f7970"
    integrity sha1-l+ViRL65QhH+J3vYGOOjKcZveXA=
    dependencies:
      "@babel/types" "^7.14.5"
  
  "@babel/helper-module-imports@^7.14.5":
    version "7.14.5"
    resolved "http://192.168.20.146:4873/@babel%2fhelper-module-imports/-/helper-module-imports-7.14.5.tgz#6d1a44df6a38c957aa7c312da076429f11b422f3"
    integrity sha1-bRpE32o4yVeqfDEtoHZCnxG0IvM=
    dependencies:
      "@babel/types" "^7.14.5"
  
  "@babel/helper-module-transforms@^7.14.8":
    version "7.14.8"
    resolved "http://192.168.20.146:4873/@babel%2fhelper-module-transforms/-/helper-module-transforms-7.14.8.tgz#d4279f7e3fd5f4d5d342d833af36d4dd87d7dc49"
    integrity sha1-1Ceffj/V9NXTQtgzrzbU3YfX3Ek=
    dependencies:
      "@babel/helper-module-imports" "^7.14.5"
      "@babel/helper-replace-supers" "^7.14.5"
      "@babel/helper-simple-access" "^7.14.8"
      "@babel/helper-split-export-declaration" "^7.14.5"
      "@babel/helper-validator-identifier" "^7.14.8"
      "@babel/template" "^7.14.5"
      "@babel/traverse" "^7.14.8"
      "@babel/types" "^7.14.8"
  
  "@babel/helper-optimise-call-expression@^7.14.5":
    version "7.14.5"
    resolved "http://192.168.20.146:4873/@babel%2fhelper-optimise-call-expression/-/helper-optimise-call-expression-7.14.5.tgz#f27395a8619e0665b3f0364cddb41c25d71b499c"
    integrity sha1-8nOVqGGeBmWz8DZM3bQcJdcbSZw=
    dependencies:
      "@babel/types" "^7.14.5"
  
  "@babel/helper-plugin-utils@^7.14.5":
    version "7.14.5"
    resolved "http://192.168.20.146:4873/@babel%2fhelper-plugin-utils/-/helper-plugin-utils-7.14.5.tgz#5ac822ce97eec46741ab70a517971e443a70c5a9"
    integrity sha1-WsgizpfuxGdBq3ClF5ceRDpwxak=
  
  "@babel/helper-replace-supers@^7.14.5":
    version "7.14.5"
    resolved "http://192.168.20.146:4873/@babel%2fhelper-replace-supers/-/helper-replace-supers-7.14.5.tgz#0ecc0b03c41cd567b4024ea016134c28414abb94"
    integrity sha1-DswLA8Qc1We0Ak6gFhNMKEFKu5Q=
    dependencies:
      "@babel/helper-member-expression-to-functions" "^7.14.5"
      "@babel/helper-optimise-call-expression" "^7.14.5"
      "@babel/traverse" "^7.14.5"
      "@babel/types" "^7.14.5"
  
  "@babel/helper-simple-access@^7.14.8":
    version "7.14.8"
    resolved "http://192.168.20.146:4873/@babel%2fhelper-simple-access/-/helper-simple-access-7.14.8.tgz#82e1fec0644a7e775c74d305f212c39f8fe73924"
    integrity sha1-guH+wGRKfndcdNMF8hLDn4/nOSQ=
    dependencies:
      "@babel/types" "^7.14.8"
  
  "@babel/helper-split-export-declaration@^7.14.5":
    version "7.14.5"
    resolved "http://192.168.20.146:4873/@babel%2fhelper-split-export-declaration/-/helper-split-export-declaration-7.14.5.tgz#22b23a54ef51c2b7605d851930c1976dd0bc693a"
    integrity sha1-IrI6VO9RwrdgXYUZMMGXbdC8aTo=
    dependencies:
      "@babel/types" "^7.14.5"
  
  "@babel/helper-validator-identifier@^7.14.5", "@babel/helper-validator-identifier@^7.14.8":
    version "7.14.8"
    resolved "http://192.168.20.146:4873/@babel%2fhelper-validator-identifier/-/helper-validator-identifier-7.14.8.tgz#32be33a756f29e278a0d644fa08a2c9e0f88a34c"
    integrity sha1-Mr4zp1bynieKDWRPoIosng+Io0w=
  
  "@babel/helper-validator-option@^7.14.5":
    version "7.14.5"
    resolved "http://192.168.20.146:4873/@babel%2fhelper-validator-option/-/helper-validator-option-7.14.5.tgz#6e72a1fff18d5dfcb878e1e62f1a021c4b72d5a3"
    integrity sha1-bnKh//GNXfy4eOHmLxoCHEty1aM=
  
  "@babel/helpers@^7.14.8":
    version "7.14.8"
    resolved "http://192.168.20.146:4873/@babel%2fhelpers/-/helpers-7.14.8.tgz#839f88f463025886cff7f85a35297007e2da1b77"
    integrity sha1-g5+I9GMCWIbP9/haNSlwB+LaG3c=
    dependencies:
      "@babel/template" "^7.14.5"
      "@babel/traverse" "^7.14.8"
      "@babel/types" "^7.14.8"
  
  "@babel/highlight@^7.14.5":
    version "7.14.5"
    resolved "http://192.168.20.146:4873/@babel%2fhighlight/-/highlight-7.14.5.tgz#6861a52f03966405001f6aa534a01a24d99e8cd9"
    integrity sha1-aGGlLwOWZAUAH2qlNKAaJNmejNk=
    dependencies:
      "@babel/helper-validator-identifier" "^7.14.5"
      chalk "^2.0.0"
      js-tokens "^4.0.0"
  
  "@babel/parser@^7.14.5", "@babel/parser@^7.14.8":
    version "7.14.8"
    resolved "http://192.168.20.146:4873/@babel%2fparser/-/parser-7.14.8.tgz#66fd41666b2d7b840bd5ace7f7416d5ac60208d4"
    integrity sha1-Zv1BZmste4QL1azn90FtWsYCCNQ=
  
  "@babel/plugin-transform-react-jsx-self@^7.14.5":
    version "7.14.5"
    resolved "http://192.168.20.146:4873/@babel%2fplugin-transform-react-jsx-self/-/plugin-transform-react-jsx-self-7.14.5.tgz#703b5d1edccd342179c2a99ee8c7065c2b4403cc"
    integrity sha1-cDtdHtzNNCF5wqme6McGXCtEA8w=
    dependencies:
      "@babel/helper-plugin-utils" "^7.14.5"
  
  "@babel/plugin-transform-react-jsx-source@^7.14.5":
    version "7.14.5"
    resolved "http://192.168.20.146:4873/@babel%2fplugin-transform-react-jsx-source/-/plugin-transform-react-jsx-source-7.14.5.tgz#79f728e60e6dbd31a2b860b0bf6c9765918acf1d"
    integrity sha1-efco5g5tvTGiuGCwv2yXZZGKzx0=
    dependencies:
      "@babel/helper-plugin-utils" "^7.14.5"
  
  "@babel/template@^7.14.5":
    version "7.14.5"
    resolved "http://192.168.20.146:4873/@babel%2ftemplate/-/template-7.14.5.tgz#a9bc9d8b33354ff6e55a9c60d1109200a68974f4"
    integrity sha1-qbydizM1T/blWpxg0RCSAKaJdPQ=
    dependencies:
      "@babel/code-frame" "^7.14.5"
      "@babel/parser" "^7.14.5"
      "@babel/types" "^7.14.5"
  
  "@babel/traverse@^7.14.5", "@babel/traverse@^7.14.8":
    version "7.14.8"
    resolved "http://192.168.20.146:4873/@babel%2ftraverse/-/traverse-7.14.8.tgz#c0253f02677c5de1a8ff9df6b0aacbec7da1a8ce"
    integrity sha1-wCU/Amd8XeGo/532sKrL7H2hqM4=
    dependencies:
      "@babel/code-frame" "^7.14.5"
      "@babel/generator" "^7.14.8"
      "@babel/helper-function-name" "^7.14.5"
      "@babel/helper-hoist-variables" "^7.14.5"
      "@babel/helper-split-export-declaration" "^7.14.5"
      "@babel/parser" "^7.14.8"
      "@babel/types" "^7.14.8"
      debug "^4.1.0"
      globals "^11.1.0"
  
  "@babel/types@^7.14.5", "@babel/types@^7.14.8":
    version "7.14.8"
    resolved "http://192.168.20.146:4873/@babel%2ftypes/-/types-7.14.8.tgz#38109de8fcadc06415fbd9b74df0065d4d41c728"
    integrity sha1-OBCd6PytwGQV+9m3TfAGXU1Bxyg=
    dependencies:
      "@babel/helper-validator-identifier" "^7.14.8"
      to-fast-properties "^2.0.0"
  
  "@rollup/pluginutils@^4.1.1":
    version "4.1.1"
    resolved "http://192.168.20.146:4873/@rollup%2fpluginutils/-/pluginutils-4.1.1.tgz#1d4da86dd4eded15656a57d933fda2b9a08d47ec"
    integrity sha1-HU2obdTt7RVlalfZM/2iuaCNR+w=
    dependencies:
      estree-walker "^2.0.1"
      picomatch "^2.2.2"
  
  "@types/prop-types@*":
    version "15.7.4"
    resolved "http://192.168.20.146:4873/@types%2fprop-types/-/prop-types-15.7.4.tgz#fcf7205c25dff795ee79af1e30da2c9790808f11"
    integrity sha1-/PcgXCXf95Xuea8eMNosl5CAjxE=
  
  "@types/react-dom@^17.0.0":
    version "17.0.9"
    resolved "http://192.168.20.146:4873/@types%2freact-dom/-/react-dom-17.0.9.tgz#441a981da9d7be117042e1a6fd3dac4b30f55add"
    integrity sha1-RBqYHanXvhFwQuGm/T2sSzD1Wt0=
    dependencies:
      "@types/react" "*"
  
  "@types/react@*", "@types/react@^17.0.0":
    version "17.0.15"
    resolved "http://192.168.20.146:4873/@types%2freact/-/react-17.0.15.tgz#c7533dc38025677e312606502df7656a6ea626d0"
    integrity sha1-x1M9w4AlZ34xJgZQLfdlam6mJtA=
    dependencies:
      "@types/prop-types" "*"
      "@types/scheduler" "*"
      csstype "^3.0.2"
  
  "@types/scheduler@*":
    version "0.16.2"
    resolved "http://192.168.20.146:4873/@types%2fscheduler/-/scheduler-0.16.2.tgz#1a62f89525723dde24ba1b01b092bf5df8ad4d39"
    integrity sha1-GmL4lSVyPd4kuhsBsJK/XfitTTk=
  
  "@vitejs/plugin-react-refresh@^1.3.1":
    version "1.3.6"
    resolved "http://192.168.20.146:4873/@vitejs%2fplugin-react-refresh/-/plugin-react-refresh-1.3.6.tgz#19818392db01e81746cfeb04e096ab3010e79fe3"
    integrity sha1-GYGDktsB6BdGz+sE4JarMBDnn+M=
    dependencies:
      "@babel/core" "^7.14.8"
      "@babel/plugin-transform-react-jsx-self" "^7.14.5"
      "@babel/plugin-transform-react-jsx-source" "^7.14.5"
      "@rollup/pluginutils" "^4.1.1"
      react-refresh "^0.10.0"
  
  ansi-styles@^3.2.1:
    version "3.2.1"
    resolved "http://192.168.20.146:4873/ansi-styles/-/ansi-styles-3.2.1.tgz#41fbb20243e50b12be0f04b8dedbf07520ce841d"
    integrity sha512-VT0ZI6kZRdTh8YyJw3SMbYm/u+NqfsAxEpWO0Pf9sq8/e94WxxOpPKx9FR1FlyCtOVDNOQ+8ntlqFxiRc+r5qA==
    dependencies:
      color-convert "^1.9.0"
  
  browserslist@^4.16.6:
    version "4.16.6"
    resolved "http://192.168.20.146:4873/browserslist/-/browserslist-4.16.6.tgz#d7901277a5a88e554ed305b183ec9b0c08f66fa2"
    integrity sha1-15ASd6WojlVO0wWxg+ybDAj2b6I=
    dependencies:
      caniuse-lite "^1.0.30001219"
      colorette "^1.2.2"
      electron-to-chromium "^1.3.723"
      escalade "^3.1.1"
      node-releases "^1.1.71"
  
  caniuse-lite@^1.0.30001219:
    version "1.0.30001248"
    resolved "http://192.168.20.146:4873/caniuse-lite/-/caniuse-lite-1.0.30001248.tgz#26ab45e340f155ea5da2920dadb76a533cb8ebce"
    integrity sha1-JqtF40DxVepdopINrbdqUzy4684=
  
  chalk@^2.0.0:
    version "2.4.2"
    resolved "http://192.168.20.146:4873/chalk/-/chalk-2.4.2.tgz#cd42541677a54333cf541a49108c1432b44c9424"
    integrity sha512-Mti+f9lpJNcwF4tWV8/OrTTtF1gZi+f8FqlyAdouralcFWFQWF2+NgCHShjkCb+IFBLq9buZwE1xckQU4peSuQ==
    dependencies:
      ansi-styles "^3.2.1"
      escape-string-regexp "^1.0.5"
      supports-color "^5.3.0"
  
  color-convert@^1.9.0:
    version "1.9.3"
    resolved "http://192.168.20.146:4873/color-convert/-/color-convert-1.9.3.tgz#bb71850690e1f136567de629d2d5471deda4c1e8"
    integrity sha512-QfAUtd+vFdAtFQcC8CCyYt1fYWxSqAiK2cSD6zDB8N3cpsEBAvRxp9zOGg6G/SHHJYAT88/az/IuDGALsNVbGg==
    dependencies:
      color-name "1.1.3"
  
  color-name@1.1.3:
    version "1.1.3"
    resolved "http://192.168.20.146:4873/color-name/-/color-name-1.1.3.tgz#a7d0558bd89c42f795dd42328f740831ca53bc25"
    integrity sha1-p9BVi9icQveV3UIyj3QIMcpTvCU=
  
  colorette@^1.2.2:
    version "1.2.2"
    resolved "http://192.168.20.146:4873/colorette/-/colorette-1.2.2.tgz#cbcc79d5e99caea2dbf10eb3a26fd8b3e6acfa94"
    integrity sha1-y8x51emcrqLb8Q6zom/Ys+as+pQ=
  
  convert-source-map@^1.7.0:
    version "1.8.0"
    resolved "http://192.168.20.146:4873/convert-source-map/-/convert-source-map-1.8.0.tgz#f3373c32d21b4d780dd8004514684fb791ca4369"
    integrity sha1-8zc8MtIbTXgN2ABFFGhPt5HKQ2k=
    dependencies:
      safe-buffer "~5.1.1"
  
  csstype@^3.0.2:
    version "3.0.8"
    resolved "http://192.168.20.146:4873/csstype/-/csstype-3.0.8.tgz#d2266a792729fb227cd216fb572f43728e1ad340"
    integrity sha1-0iZqeScp+yJ80hb7Vy9Dco4a00A=
  
  debug@^4.1.0:
    version "4.3.2"
    resolved "http://192.168.20.146:4873/debug/-/debug-4.3.2.tgz#f0a49c18ac8779e31d4a0c6029dfb76873c7428b"
    integrity sha1-8KScGKyHeeMdSgxgKd+3aHPHQos=
    dependencies:
      ms "2.1.2"
  
  electron-to-chromium@^1.3.723:
    version "1.3.790"
    resolved "http://192.168.20.146:4873/electron-to-chromium/-/electron-to-chromium-1.3.790.tgz#5c569290929d92c8094fa08c79bc9393ca9e94e7"
    integrity sha1-XFaSkJKdksgJT6CMebyTk8qelOc=
  
  esbuild@^0.12.8:
    version "0.12.16"
    resolved "http://192.168.20.146:4873/esbuild/-/esbuild-0.12.16.tgz#c397144ce13b445a6ead9c1f747da11f79ec5e67"
    integrity sha1-w5cUTOE7RFpurZwfdH2hH3nsXmc=
  
  escalade@^3.1.1:
    version "3.1.1"
    resolved "http://192.168.20.146:4873/escalade/-/escalade-3.1.1.tgz#d8cfdc7000965c5a0174b4a82eaa5c0552742e40"
    integrity sha1-2M/ccACWXFoBdLSoLqpcBVJ0LkA=
  
  escape-string-regexp@^1.0.5:
    version "1.0.5"
    resolved "http://192.168.20.146:4873/escape-string-regexp/-/escape-string-regexp-1.0.5.tgz#1b61c0562190a8dff6ae3bb2cf0200ca130b86d4"
    integrity sha1-G2HAViGQqN/2rjuyzwIAyhMLhtQ=
  
  estree-walker@^2.0.1:
    version "2.0.2"
    resolved "http://192.168.20.146:4873/estree-walker/-/estree-walker-2.0.2.tgz#52f010178c2a4c117a7757cfe942adb7d2da4cac"
    integrity sha1-UvAQF4wqTBF6d1fP6UKtt9LaTKw=
  
  fsevents@~2.3.2:
    version "2.3.2"
    resolved "http://192.168.20.146:4873/fsevents/-/fsevents-2.3.2.tgz#8a526f78b8fdf4623b709e0b975c52c24c02fd1a"
    integrity sha1-ilJveLj99GI7cJ4Ll1xSwkwC/Ro=
  
  function-bind@^1.1.1:
    version "1.1.1"
    resolved "http://192.168.20.146:4873/function-bind/-/function-bind-1.1.1.tgz#a56899d3ea3c9bab874bb9773b7c5ede92f4895d"
    integrity sha512-yIovAzMX49sF8Yl58fSCWJ5svSLuaibPxXQJFLmBObTuCr0Mf1KiPopGM9NiFjiYBCbfaa2Fh6breQ6ANVTI0A==
  
  gensync@^1.0.0-beta.2:
    version "1.0.0-beta.2"
    resolved "http://192.168.20.146:4873/gensync/-/gensync-1.0.0-beta.2.tgz#32a6ee76c3d7f52d46b2b1ae5d93fea8580a25e0"
    integrity sha1-MqbudsPX9S1GsrGuXZP+qFgKJeA=
  
  globals@^11.1.0:
    version "11.12.0"
    resolved "http://192.168.20.146:4873/globals/-/globals-11.12.0.tgz#ab8795338868a0babd8525758018c2a7eb95c42e"
    integrity sha512-WOBp/EEGUiIsJSp7wcv/y6MO+lV9UoncWqxuFfm8eBwzWNgyfBd6Gz+IeKQ9jCmyhoH99g15M3T+QaVHFjizVA==
  
  has-flag@^3.0.0:
    version "3.0.0"
    resolved "http://192.168.20.146:4873/has-flag/-/has-flag-3.0.0.tgz#b5d454dc2199ae225699f3467e5a07f3b955bafd"
    integrity sha1-tdRU3CGZriJWmfNGfloH87lVuv0=
  
  has@^1.0.3:
    version "1.0.3"
    resolved "http://192.168.20.146:4873/has/-/has-1.0.3.tgz#722d7cbfc1f6aa8241f16dd814e011e1f41e8796"
    integrity sha512-f2dvO0VU6Oej7RkWJGrehjbzMAjFp5/VKPp5tTpWIV4JHHZK1/BxbFRtf/siA2SWTe09caDmVtYYzWEIbBS4zw==
    dependencies:
      function-bind "^1.1.1"
  
  is-core-module@^2.2.0:
    version "2.5.0"
    resolved "http://192.168.20.146:4873/is-core-module/-/is-core-module-2.5.0.tgz#f754843617c70bfd29b7bd87327400cda5c18491"
    integrity sha1-91SENhfHC/0pt72HMnQAzaXBhJE=
    dependencies:
      has "^1.0.3"
  
  "js-tokens@^3.0.0 || ^4.0.0", js-tokens@^4.0.0:
    version "4.0.0"
    resolved "http://192.168.20.146:4873/js-tokens/-/js-tokens-4.0.0.tgz#19203fb59991df98e3a287050d4647cdeaf32499"
    integrity sha512-RdJUflcE3cUzKiMqQgsCu06FPu9UdIJO0beYbPhHN4k6apgJtifcoCtT9bcxOpYBtpD2kCM6Sbzg4CausW/PKQ==
  
  jsesc@^2.5.1:
    version "2.5.2"
    resolved "http://192.168.20.146:4873/jsesc/-/jsesc-2.5.2.tgz#80564d2e483dacf6e8ef209650a67df3f0c283a4"
    integrity sha512-OYu7XEzjkCQ3C5Ps3QIZsQfNpqoJyZZA99wd9aWd05NCtC5pWOkShK2mkL6HXQR6/Cy2lbNdPlZBpuQHXE63gA==
  
  json5@^2.1.2:
    version "2.2.0"
    resolved "http://192.168.20.146:4873/json5/-/json5-2.2.0.tgz#2dfefe720c6ba525d9ebd909950f0515316c89a3"
    integrity sha1-Lf7+cgxrpSXZ69kJlQ8FFTFsiaM=
    dependencies:
      minimist "^1.2.5"
  
  loose-envify@^1.1.0:
    version "1.4.0"
    resolved "http://192.168.20.146:4873/loose-envify/-/loose-envify-1.4.0.tgz#71ee51fa7be4caec1a63839f7e682d8132d30caf"
    integrity sha512-lyuxPGr/Wfhrlem2CL/UcnUc1zcqKAImBDzukY7Y5F/yQiNdko6+fRLevlw1HgMySw7f611UIY408EtxRSoK3Q==
    dependencies:
      js-tokens "^3.0.0 || ^4.0.0"
  
  minimist@^1.2.5:
    version "1.2.5"
    resolved "http://192.168.20.146:4873/minimist/-/minimist-1.2.5.tgz#67d66014b66a6a8aaa0c083c5fd58df4e4e97602"
    integrity sha1-Z9ZgFLZqaoqqDAg8X9WN9OTpdgI=
  
  ms@2.1.2:
    version "2.1.2"
    resolved "http://192.168.20.146:4873/ms/-/ms-2.1.2.tgz#d09d1f357b443f493382a8eb3ccd183872ae6009"
    integrity sha512-sGkPx+VjMtmA6MX27oA4FBFELFCZZ4S4XqeGOXCv68tT+jb3vk/RyaKWP0PTKyWtmLSM0b+adUTEvbs1PEaH2w==
  
  nanoid@^3.1.23:
    version "3.1.23"
    resolved "http://192.168.20.146:4873/nanoid/-/nanoid-3.1.23.tgz#f744086ce7c2bc47ee0a8472574d5c78e4183a81"
    integrity sha1-90QIbOfCvEfuCoRyV01ceOQYOoE=
  
  node-releases@^1.1.71:
    version "1.1.73"
    resolved "http://192.168.20.146:4873/node-releases/-/node-releases-1.1.73.tgz#dd4e81ddd5277ff846b80b52bb40c49edf7a7b20"
    integrity sha1-3U6B3dUnf/hGuAtSu0DEnt96eyA=
  
  object-assign@^4.1.1:
    version "4.1.1"
    resolved "http://192.168.20.146:4873/object-assign/-/object-assign-4.1.1.tgz#2109adc7965887cfc05cbbd442cac8bfbb360863"
    integrity sha1-IQmtx5ZYh8/AXLvUQsrIv7s2CGM=
  
  path-parse@^1.0.6:
    version "1.0.7"
    resolved "http://192.168.20.146:4873/path-parse/-/path-parse-1.0.7.tgz#fbc114b60ca42b30d9daf5858e4bd68bbedb6735"
    integrity sha1-+8EUtgykKzDZ2vWFjkvWi77bZzU=
  
  picomatch@^2.2.2:
    version "2.3.0"
    resolved "http://192.168.20.146:4873/picomatch/-/picomatch-2.3.0.tgz#f1f061de8f6a4bf022892e2d128234fb98302972"
    integrity sha1-8fBh3o9qS/AiiS4tEoI0+5gwKXI=
  
  postcss@^8.3.6:
    version "8.3.6"
    resolved "http://192.168.20.146:4873/postcss/-/postcss-8.3.6.tgz#2730dd76a97969f37f53b9a6096197be311cc4ea"
    integrity sha1-JzDddql5afN/U7mmCWGXvjEcxOo=
    dependencies:
      colorette "^1.2.2"
      nanoid "^3.1.23"
      source-map-js "^0.6.2"
  
  react-dom@^17.0.0:
    version "17.0.2"
    resolved "http://192.168.20.146:4873/react-dom/-/react-dom-17.0.2.tgz#ecffb6845e3ad8dbfcdc498f0d0a939736502c23"
    integrity sha1-7P+2hF462Nv83EmPDQqTlzZQLCM=
    dependencies:
      loose-envify "^1.1.0"
      object-assign "^4.1.1"
      scheduler "^0.20.2"
  
  react-refresh@^0.10.0:
    version "0.10.0"
    resolved "http://192.168.20.146:4873/react-refresh/-/react-refresh-0.10.0.tgz#2f536c9660c0b9b1d500684d9e52a65e7404f7e3"
    integrity sha1-L1NslmDAubHVAGhNnlKmXnQE9+M=
  
  react@^17.0.0:
    version "17.0.2"
    resolved "http://192.168.20.146:4873/react/-/react-17.0.2.tgz#d0b5cc516d29eb3eee383f75b62864cfb6800037"
    integrity sha1-0LXMUW0p6z7uOD91tihkz7aAADc=
    dependencies:
      loose-envify "^1.1.0"
      object-assign "^4.1.1"
  
  resolve@^1.20.0:
    version "1.20.0"
    resolved "http://192.168.20.146:4873/resolve/-/resolve-1.20.0.tgz#629a013fb3f70755d6f0b7935cc1c2c5378b1975"
    integrity sha1-YpoBP7P3B1XW8LeTXMHCxTeLGXU=
    dependencies:
      is-core-module "^2.2.0"
      path-parse "^1.0.6"
  
  rollup@^2.38.5:
    version "2.55.0"
    resolved "http://192.168.20.146:4873/rollup/-/rollup-2.55.0.tgz#e23bb51194d9706b4661515a14feeefaaa1830c2"
    integrity sha1-4ju1EZTZcGtGYVFaFP7u+qoYMMI=
    optionalDependencies:
      fsevents "~2.3.2"
  
  safe-buffer@~5.1.1:
    version "5.1.2"
    resolved "http://192.168.20.146:4873/safe-buffer/-/safe-buffer-5.1.2.tgz#991ec69d296e0313747d59bdfd2b745c35f8828d"
    integrity sha512-Gd2UZBJDkXlY7GbJxfsE8/nvKkUEU1G38c1siN6QP6a9PT9MmHB8GnpscSmMJSoF8LOIrt8ud/wPtojys4G6+g==
  
  scheduler@^0.20.2:
    version "0.20.2"
    resolved "http://192.168.20.146:4873/scheduler/-/scheduler-0.20.2.tgz#4baee39436e34aa93b4874bddcbf0fe8b8b50e91"
    integrity sha1-S67jlDbjSqk7SHS93L8P6Li1DpE=
    dependencies:
      loose-envify "^1.1.0"
      object-assign "^4.1.1"
  
  semver@^6.3.0:
    version "6.3.0"
    resolved "http://192.168.20.146:4873/semver/-/semver-6.3.0.tgz#ee0a64c8af5e8ceea67687b133761e1becbd1d3d"
    integrity sha1-7gpkyK9ejO6mdoexM3YeG+y9HT0=
  
  source-map-js@^0.6.2:
    version "0.6.2"
    resolved "http://192.168.20.146:4873/source-map-js/-/source-map-js-0.6.2.tgz#0bb5de631b41cfbda6cfba8bd05a80efdfd2385e"
    integrity sha1-C7XeYxtBz72mz7qL0FqA79/SOF4=
  
  source-map@^0.5.0:
    version "0.5.7"
    resolved "http://192.168.20.146:4873/source-map/-/source-map-0.5.7.tgz#8a039d2d1021d22d1ea14c80d8ea468ba2ef3fcc"
    integrity sha1-igOdLRAh0i0eoUyA2OpGi6LvP8w=
  
  supports-color@^5.3.0:
    version "5.5.0"
    resolved "http://192.168.20.146:4873/supports-color/-/supports-color-5.5.0.tgz#e2e69a44ac8772f78a1ec0b35b689df6530efc8f"
    integrity sha512-QjVjwdXIt408MIiAqCX4oUKsgU2EqAGzs2Ppkm4aQYbjm+ZEWEcW4SfFNTr4uMNZma0ey4f5lgLrkB0aX0QMow==
    dependencies:
      has-flag "^3.0.0"
  
  to-fast-properties@^2.0.0:
    version "2.0.0"
    resolved "http://192.168.20.146:4873/to-fast-properties/-/to-fast-properties-2.0.0.tgz#dc5e698cbd079265bc73e0377681a4e4e83f616e"
    integrity sha1-3F5pjL0HkmW8c+A3doGk5Og/YW4=
  
  typescript@^4.3.2:
    version "4.3.5"
    resolved "http://192.168.20.146:4873/typescript/-/typescript-4.3.5.tgz#4d1c37cc16e893973c45a06886b7113234f119f4"
    integrity sha1-TRw3zBbok5c8RaBohrcRMjTxGfQ=
  
  vite@^2.4.3:
    version "2.4.4"
    resolved "http://192.168.20.146:4873/vite/-/vite-2.4.4.tgz#8c402a07ad45f168f6eb5428bead38f3e4363e47"
    integrity sha1-jEAqB61F8Wj261Qovq048+Q2Pkc=
    dependencies:
      esbuild "^0.12.8"
      postcss "^8.3.6"
      resolve "^1.20.0"
      rollup "^2.38.5"
    optionalDependencies:
      fsevents "~2.3.2"
